<?xml version="1.0" encoding="UTF-8"?>
<!-- Generated by org.testng.reporters.JUnitXMLReporter -->
<testsuite hostname="Sony" name="Command line test" tests="6" failures="0" timestamp="26 Sep 2021 16:43:22 GMT" time="0.157" errors="0">
  <testcase name="Demo3" time="0.062" classname="qaclickacademy.MavenJava1.AppiumTest"/>
  <testcase name="Demo4" time="0.0" classname="qaclickacademy.MavenJava1.AppiumTest"/>
  <testcase name="Demo5" time="0.0" classname="qaclickacademy.MavenJava1.RestAPITest"/>
  <testcase name="Demo6" time="0.0" classname="qaclickacademy.MavenJava1.RestAPITest"/>
  <testcase name="Demo1" time="0.0" classname="qaclickacademy.MavenJava1.SeleniumTest"/>
  <testcase name="Demo2" time="0.0" classname="qaclickacademy.MavenJava1.SeleniumTest"/>
</testsuite> <!-- Command line test -->
