<?xml version="1.0" encoding="UTF-8"?>
<!-- Generated by org.testng.reporters.JUnitXMLReporter -->
<testsuite hostname="wOrzZy" name="Test" tests="5" failures="0" timestamp="23 Aug 2021 21:12:57 GMT" time="0.142" errors="0">
  <testcase name="Demo2" time="0.038" classname="qaclickacademy.MavenJava1.SeleniumTest"/>
  <testcase name="Demo3" time="0.007" classname="qaclickacademy.MavenJava1.AppiumTest"/>
  <testcase name="Demo4" time="0.002" classname="qaclickacademy.MavenJava1.AppiumTest"/>
  <testcase name="Demo5" time="0.002" classname="qaclickacademy.MavenJava1.RestAPITest"/>
  <testcase name="Demo6" time="0.003" classname="qaclickacademy.MavenJava1.RestAPITest"/>
</testsuite> <!-- Test -->
