<?xml version="1.0" encoding="UTF-8"?>
<testsuite xmlns:xsi="http://www.w3.org/2001/XMLSchema-instance" xsi:noNamespaceSchemaLocation="https://maven.apache.org/surefire/maven-surefire-plugin/xsd/surefire-test-report-3.0.xsd" version="3.0" name="qaclickacademy.MavenJava1.AppiumTest" time="2.25" tests="2" errors="0" skipped="0" failures="0">
  <properties>
[...]
</properties>
  <testcase name="Demo3" classname="qaclickacademy.MavenJava1.AppiumTest" time="0.066">
    <system-out><![CDATA[Demo3 from Appium class
]]></system-out>
  </testcase>
  <testcase name="Demo4" classname="qaclickacademy.MavenJava1.AppiumTest" time="0.006">
    <system-out><![CDATA[Demo4 from Appium class
]]></system-out>
  </testcase>
</testsuite>