<?xml version="1.0" encoding="UTF-8"?>
<testng-results skipped="0" failed="0" total="1" passed="1">
  <reporter-output>
  </reporter-output>
  <suite name="Default suite" duration-ms="145" started-at="2021-08-23T20:58:21Z" finished-at="2021-08-23T20:58:21Z">
    <groups>
    </groups>
    <test name="Default test" duration-ms="145" started-at="2021-08-23T20:58:21Z" finished-at="2021-08-23T20:58:21Z">
      <class name="qaclickacademy.MavenJava1.SeleniumTest">
        <test-method status="PASS" signature="Demo1()[pri:0, instance:qaclickacademy.MavenJava1.SeleniumTest@a4102b8]" name="Demo1" duration-ms="63" started-at="2021-08-24T02:28:21Z" finished-at="2021-08-24T02:28:21Z">
          <reporter-output>
          </reporter-output>
        </test-method> <!-- Demo1 -->
      </class> <!-- qaclickacademy.MavenJava1.SeleniumTest -->
    </test> <!-- Default test -->
  </suite> <!-- Default suite -->
</testng-results>
